<?xml version="1.0" encoding="UTF-8"?>
<!-- Generated by org.testng.reporters.JUnitReportReporter -->
<testsuite hostname="LAPTOP-0N1NA70U" failures="0" tests="4" name="api.test.UserTests2" time="17.743" errors="0" timestamp="2024-07-02T13:22:49 IST" skipped="0">
  <testcase classname="api.test.UserTests2" name="testPostUser" time="6.993"/>
  <testcase classname="api.test.UserTests2" name="testGetUserByName" time="2.823"/>
  <testcase classname="api.test.UserTests2" name="testupdateUser" time="6.495"/>
  <testcase classname="api.test.UserTests2" name="testDeleteUserByName" time="1.432"/>
</testsuite> <!-- api.test.UserTests2 -->
