<?xml version="1.0" encoding="UTF-8"?>
<!-- Generated by org.testng.reporters.JUnitReportReporter -->
<testsuite hostname="LAPTOP-0N1NA70U" failures="0" tests="4" name="api.test.UserTests" time="11.477" errors="0" timestamp="2024-07-02T12:14:40 IST" skipped="0">
  <testcase classname="api.test.UserTests" name="testPostUser" time="4.465"/>
  <testcase classname="api.test.UserTests" name="testGetUserByName" time="1.805"/>
  <testcase classname="api.test.UserTests" name="testupdateUser" time="3.268"/>
  <testcase classname="api.test.UserTests" name="testDeleteUserByName" time="1.939"/>
</testsuite> <!-- api.test.UserTests -->
