<?xml version="1.0" encoding="UTF-8"?>
<!-- Generated by org.testng.reporters.JUnitReportReporter -->
<testsuite hostname="LAPTOP-0N1NA70U" failures="0" tests="6" name="api.test.DDTests" time="12.026" errors="0" timestamp="2024-07-01T12:20:29 IST" skipped="0">
  <testcase classname="api.test.DDTests" name="testPostUser" time="4.379"/>
  <testcase classname="api.test.DDTests" name="testPostUser" time="1.427"/>
  <testcase classname="api.test.DDTests" name="testPostUser" time="1.567"/>
  <testcase classname="api.test.DDTests" name="testDeleteUserByname" time="1.648"/>
  <testcase classname="api.test.DDTests" name="testDeleteUserByname" time="1.534"/>
  <testcase classname="api.test.DDTests" name="testDeleteUserByname" time="1.471"/>
</testsuite> <!-- api.test.DDTests -->
