<?xml version="1.0" encoding="UTF-8"?>
<!-- Generated by org.testng.reporters.JUnitReportReporter -->
<testsuite hostname="LAPTOP-0N1NA70U" failures="0" tests="4" name="api.test.UserTests2" time="11.520" errors="0" timestamp="2024-07-21T18:07:58 IST" skipped="0">
  <testcase classname="api.test.UserTests2" name="testPostUser" time="4.278"/>
  <testcase classname="api.test.UserTests2" name="testGetUserByName" time="1.851"/>
  <testcase classname="api.test.UserTests2" name="testupdateUser" time="3.649"/>
  <testcase classname="api.test.UserTests2" name="testDeleteUserByName" time="1.742"/>
</testsuite> <!-- api.test.UserTests2 -->
